# Logfile created on 2014-10-09 07:51:43 -0400 by logger.rb/44203
I, [2014-10-09T07:51:43.550443 #3092]  INFO -- : 0:  builder (3.2.2) from /home/patty_rosembluth/.rvm/gems/ruby-2.1.0/specifications/builder-3.2.2.gemspec
I, [2014-10-09T07:51:43.550786 #3092]  INFO -- : 0:  colorize (0.7.3) from /home/patty_rosembluth/.rvm/gems/ruby-2.1.0/specifications/colorize-0.7.3.gemspec
I, [2014-10-09T07:51:43.551050 #3092]  INFO -- : 0:  diff-lcs (1.2.5) from /home/patty_rosembluth/.rvm/gems/ruby-2.1.0/specifications/diff-lcs-1.2.5.gemspec
I, [2014-10-09T07:51:43.551326 #3092]  INFO -- : 0:  multi_json (1.10.1) from /home/patty_rosembluth/.rvm/gems/ruby-2.1.0/specifications/multi_json-1.10.1.gemspec
I, [2014-10-09T07:51:43.551580 #3092]  INFO -- : 0:  gherkin (2.12.2) from /home/patty_rosembluth/.rvm/gems/ruby-2.1.0/specifications/gherkin-2.12.2.gemspec
I, [2014-10-09T07:51:43.551830 #3092]  INFO -- : 0:  multi_test (0.1.1) from /home/patty_rosembluth/.rvm/gems/ruby-2.1.0/specifications/multi_test-0.1.1.gemspec
I, [2014-10-09T07:51:43.552080 #3092]  INFO -- : 0:  cucumber (1.3.17) from /home/patty_rosembluth/.rvm/gems/ruby-2.1.0/specifications/cucumber-1.3.17.gemspec
I, [2014-10-09T07:51:43.552330 #3092]  INFO -- : 0:  docile (1.1.5) from /home/patty_rosembluth/.rvm/gems/ruby-2.1.0/specifications/docile-1.1.5.gemspec
I, [2014-10-09T07:51:43.552577 #3092]  INFO -- : 0:  hirb (0.7.2) from /home/patty_rosembluth/.rvm/gems/ruby-2.1.0/specifications/hirb-0.7.2.gemspec
I, [2014-10-09T07:51:43.552820 #3092]  INFO -- : 0:  mini_portile (0.6.0) from /home/patty_rosembluth/.rvm/gems/ruby-2.1.0/specifications/mini_portile-0.6.0.gemspec
I, [2014-10-09T07:51:43.553046 #3092]  INFO -- : 0:  nokogiri (1.6.3.1) from /home/patty_rosembluth/.rvm/gems/ruby-2.1.0/specifications/nokogiri-1.6.3.1.gemspec
I, [2014-10-09T07:51:43.553281 #3092]  INFO -- : 0:  rack (1.5.2) from /home/patty_rosembluth/.rvm/gems/ruby-2.1.0/specifications/rack-1.5.2.gemspec
I, [2014-10-09T07:51:43.553530 #3092]  INFO -- : 0:  rack-protection (1.5.3) from /home/patty_rosembluth/.rvm/gems/ruby-2.1.0/specifications/rack-protection-1.5.3.gemspec
I, [2014-10-09T07:51:43.553772 #3092]  INFO -- : 0:  rack-test (0.6.2) from /home/patty_rosembluth/.rvm/gems/ruby-2.1.0/specifications/rack-test-0.6.2.gemspec
I, [2014-10-09T07:51:43.554008 #3092]  INFO -- : 0:  rspec-support (3.1.1) from /home/patty_rosembluth/.rvm/gems/ruby-2.1.0/specifications/rspec-support-3.1.1.gemspec
I, [2014-10-09T07:51:43.554249 #3092]  INFO -- : 0:  rspec-core (3.1.5) from /home/patty_rosembluth/.rvm/gems/ruby-2.1.0/specifications/rspec-core-3.1.5.gemspec
I, [2014-10-09T07:51:43.554481 #3092]  INFO -- : 0:  rspec-expectations (3.1.2) from /home/patty_rosembluth/.rvm/gems/ruby-2.1.0/specifications/rspec-expectations-3.1.2.gemspec
I, [2014-10-09T07:51:43.554714 #3092]  INFO -- : 0:  rspec-mocks (3.1.2) from /home/patty_rosembluth/.rvm/gems/ruby-2.1.0/specifications/rspec-mocks-3.1.2.gemspec
I, [2014-10-09T07:51:43.554953 #3092]  INFO -- : 0:  rspec (3.1.0) from /home/patty_rosembluth/.rvm/gems/ruby-2.1.0/specifications/rspec-3.1.0.gemspec
I, [2014-10-09T07:51:43.555188 #3092]  INFO -- : 0:  simplecov-html (0.8.0) from /home/patty_rosembluth/.rvm/gems/ruby-2.1.0/specifications/simplecov-html-0.8.0.gemspec
I, [2014-10-09T07:51:43.555424 #3092]  INFO -- : 0:  simplecov (0.9.1) from /home/patty_rosembluth/.rvm/gems/ruby-2.1.0/specifications/simplecov-0.9.1.gemspec
I, [2014-10-09T07:51:43.555658 #3092]  INFO -- : 0:  simplecov-console (0.2.0) from /home/patty_rosembluth/.rvm/gems/ruby-2.1.0/specifications/simplecov-console-0.2.0.gemspec
I, [2014-10-09T07:51:43.555886 #3092]  INFO -- : 0:  tilt (1.4.1) from /home/patty_rosembluth/.rvm/gems/ruby-2.1.0/specifications/tilt-1.4.1.gemspec
I, [2014-10-09T07:51:43.556117 #3092]  INFO -- : 0:  sinatra (1.4.5) from /home/patty_rosembluth/.rvm/gems/ruby-2.1.0/specifications/sinatra-1.4.5.gemspec
I, [2014-10-09T07:51:43.556351 #3092]  INFO -- : 0:  webrat (0.7.3) from /home/patty_rosembluth/.rvm/gems/ruby-2.1.0/specifications/webrat-0.7.3.gemspec
I, [2014-10-09T07:51:43.556594 #3092]  INFO -- : 0:  bundler (1.5.0) from /home/patty_rosembluth/.rvm/gems/ruby-2.1.0@global/specifications/bundler-1.5.0.gemspec
